<?xml version="1.0" encoding="UTF-8"?>
<Site BuildName="(empty)"
	BuildStamp="20260602-0110-Experimental"
	Name="(empty)"
	Generator="ctest-4.2.3-msvc3"
	CompilerName=""
	CompilerVersion=""
	OSName="Windows"
	Hostname="DESKTOP-G9QU394"
	OSRelease="10.0.19045"
	OSVersion="Windows 10"
	OSPlatform="AMD64"
	Is64Bits="1"
	VendorString="AuthenticAMD"
	VendorID="Advanced Micro Devices"
	FamilyID="15"
	ModelID="8"
	ModelName="AMD Ryzen 5 2600 Six-Core Processor"
	ProcessorCacheSize="96"
	NumberOfLogicalCPU="12"
	NumberOfPhysicalCPU="6"
	TotalVirtualMemory="42992"
	TotalPhysicalMemory="16334"
	LogicalProcessorsPerPhysical="2"
	ProcessorClockFrequency="3400"
	>
	<Testing>
		<StartDateTime>Jun 02 03:10 Central European Daylight Time</StartDateTime>
		<StartTestTime>1780362612</StartTestTime>
		<TestList/>
		<EndDateTime>Jun 02 03:10 Central European Daylight Time</EndDateTime>
		<EndTestTime>1780362612</EndTestTime>
		<ElapsedMinutes>0</ElapsedMinutes>
	</Testing>
</Site>
